<?xml version="1.0" encoding="UTF-8"?>
<!-- Generated by org.testng.reporters.JUnitReportReporter -->
<testsuite skipped="0" hostname="DESKTOP-ASCIFFB" name="TestNG.Groupsflags" tests="18" failures="0" timestamp="2022-08-30T14:13:35 IST" time="0.048" errors="0">
  <testcase name="it3" time="0.001" classname="TestNG.Groupsflags"/>
  <system-out>
    <![CDATA[Integratio TestCase3]]>
  </system-out>
  <testcase name="sm2" time="0.002" classname="TestNG.Groupsflags"/>
  <system-out>
    <![CDATA[Smoke TestCase2]]>
  </system-out>
  <testcase name="f31" time="0.016" classname="TestNG.Groupsflags"/>
  <system-out>
    <![CDATA[Function TestCase3]]>
  </system-out>
  <testcase name="it2" time="0.003" classname="TestNG.Groupsflags"/>
  <system-out>
    <![CDATA[Integratio TestCase2]]>
  </system-out>
  <testcase name="sm5" time="0.001" classname="TestNG.Groupsflags"/>
  <system-out>
    <![CDATA[Smoke Test Case5]]>
  </system-out>
  <testcase name="ft4" time="0.003" classname="TestNG.Groupsflags"/>
  <system-out>
    <![CDATA[Function Test Case4]]>
  </system-out>
  <testcase name="it1" time="0.002" classname="TestNG.Groupsflags"/>
  <system-out>
    <![CDATA[Integratio TestCase1]]>
  </system-out>
  <testcase name="ft2" time="0.001" classname="TestNG.Groupsflags"/>
  <system-out>
    <![CDATA[Function TestCase2]]>
  </system-out>
  <testcase name="sm1" time="0.002" classname="TestNG.Groupsflags"/>
  <system-out>
    <![CDATA[Smoke TestCase1]]>
  </system-out>
  <testcase name="ft6" time="0.001" classname="TestNG.Groupsflags"/>
  <system-out>
    <![CDATA[Function Test Case6]]>
  </system-out>
  <testcase name="it6" time="0.003" classname="TestNG.Groupsflags"/>
  <system-out>
    <![CDATA[Integratio Test Case6]]>
  </system-out>
  <testcase name="it5" time="0.001" classname="TestNG.Groupsflags"/>
  <system-out>
    <![CDATA[Integratio Test Case5]]>
  </system-out>
  <testcase name="sm3" time="0.000" classname="TestNG.Groupsflags"/>
  <system-out>
    <![CDATA[Smoke TestCase3]]>
  </system-out>
  <testcase name="ft1" time="0.002" classname="TestNG.Groupsflags"/>
  <system-out>
    <![CDATA[Function TestCase1]]>
  </system-out>
  <testcase name="it4" time="0.002" classname="TestNG.Groupsflags"/>
  <system-out>
    <![CDATA[Integratio Test Case4]]>
  </system-out>
  <testcase name="sm4" time="0.002" classname="TestNG.Groupsflags"/>
  <system-out>
    <![CDATA[Smoke Test Case4]]>
  </system-out>
  <testcase name="sm6" time="0.002" classname="TestNG.Groupsflags"/>
  <system-out>
    <![CDATA[Smoke Test Case6]]>
  </system-out>
  <testcase name="ft5" time="0.004" classname="TestNG.Groupsflags"/>
  <system-out>
    <![CDATA[Function Test Case5]]>
  </system-out>
</testsuite> <!-- TestNG.Groupsflags -->
